mode: set
4crypto/repository/user_repo.go:19.51,21.2 1 1
4crypto/repository/user_repo.go:23.66,36.16 4 1
4crypto/repository/user_repo.go:36.16,38.3 1 1
4crypto/repository/user_repo.go:40.2,40.18 1 1
4crypto/repository/user_repo.go:43.78,47.16 3 1
4crypto/repository/user_repo.go:47.16,49.3 1 1
4crypto/repository/user_repo.go:51.2,51.18 1 0
4crypto/delivery/controller/auth_controller.go:21.113,23.2 1 0
4crypto/delivery/controller/auth_controller.go:25.34,29.2 3 0
4crypto/delivery/controller/auth_controller.go:31.57,33.53 2 0
4crypto/delivery/controller/auth_controller.go:33.53,36.3 2 0
4crypto/delivery/controller/auth_controller.go:38.2,39.16 2 0
4crypto/delivery/controller/auth_controller.go:39.16,42.3 2 0
4crypto/delivery/controller/auth_controller.go:44.2,44.68 1 0
4crypto/delivery/controller/auth_controller.go:47.64,50.16 3 0
4crypto/delivery/controller/auth_controller.go:50.16,53.3 2 0
4crypto/delivery/controller/auth_controller.go:55.2,55.83 1 0
4crypto/usecase/auth_usecase.go:19.74,21.23 1 1
4crypto/usecase/auth_usecase.go:24.86,26.16 2 1
4crypto/usecase/auth_usecase.go:26.16,28.3 1 1
4crypto/usecase/auth_usecase.go:30.2,31.16 2 1
4crypto/usecase/auth_usecase.go:31.16,33.3 1 1
4crypto/usecase/auth_usecase.go:35.2,35.19 1 1
4crypto/usecase/auth_usecase.go:38.75,40.2 1 1
4crypto/usecase/user_usecase.go:20.69,22.2 1 1
4crypto/usecase/user_usecase.go:24.64,26.16 2 1
4crypto/usecase/user_usecase.go:26.16,28.3 1 1
4crypto/usecase/user_usecase.go:29.2,29.18 1 1
4crypto/usecase/user_usecase.go:32.101,34.16 2 1
4crypto/usecase/user_usecase.go:34.16,36.3 1 1
4crypto/usecase/user_usecase.go:39.2,39.31 1 1
4crypto/usecase/user_usecase.go:39.31,41.3 1 1
4crypto/usecase/user_usecase.go:44.2,45.18 2 1
