mode: set
4crypto/delivery/controller/auth_controller.go:21.113,23.2 1 1
4crypto/delivery/controller/auth_controller.go:25.34,29.2 3 1
4crypto/delivery/controller/auth_controller.go:31.57,33.53 2 1
4crypto/delivery/controller/auth_controller.go:33.53,36.3 2 1
4crypto/delivery/controller/auth_controller.go:38.2,39.16 2 1
4crypto/delivery/controller/auth_controller.go:39.16,42.3 2 1
4crypto/delivery/controller/auth_controller.go:44.2,44.68 1 1
4crypto/delivery/controller/auth_controller.go:47.64,50.16 3 1
4crypto/delivery/controller/auth_controller.go:50.16,53.3 2 1
4crypto/delivery/controller/auth_controller.go:55.2,55.83 1 1
4crypto/delivery/controller/user_controller.go:18.94,23.2 1 0
4crypto/delivery/controller/user_controller.go:25.53,32.16 4 0
4crypto/delivery/controller/user_controller.go:32.16,35.3 2 0
4crypto/delivery/controller/user_controller.go:37.2,42.30 5 0
4crypto/delivery/controller/user_controller.go:45.51,55.16 5 0
4crypto/delivery/controller/user_controller.go:55.16,58.3 2 0
4crypto/delivery/controller/user_controller.go:60.2,64.25 4 0
4crypto/delivery/controller/user_controller.go:67.82,72.16 3 0
4crypto/delivery/controller/user_controller.go:72.16,75.3 2 0
4crypto/delivery/controller/user_controller.go:77.2,77.37 1 0
4crypto/delivery/controller/user_controller.go:80.82,87.16 4 0
4crypto/delivery/controller/user_controller.go:87.16,90.3 2 0
4crypto/delivery/controller/user_controller.go:92.2,93.16 2 0
4crypto/delivery/controller/user_controller.go:93.16,96.3 2 0
4crypto/delivery/controller/user_controller.go:98.2,98.37 1 0
4crypto/repository/user_repo.go:25.51,27.2 1 1
4crypto/repository/user_repo.go:29.57,46.16 5 1
4crypto/repository/user_repo.go:46.16,48.3 1 1
4crypto/repository/user_repo.go:50.2,50.12 1 1
4crypto/repository/user_repo.go:54.66,67.16 4 1
4crypto/repository/user_repo.go:67.16,69.3 1 1
4crypto/repository/user_repo.go:71.2,71.18 1 1
4crypto/repository/user_repo.go:74.78,78.16 3 1
4crypto/repository/user_repo.go:78.16,80.3 1 1
4crypto/repository/user_repo.go:82.2,82.18 1 1
4crypto/repository/user_repo.go:85.54,88.16 3 1
4crypto/repository/user_repo.go:88.16,90.3 1 1
4crypto/repository/user_repo.go:92.2,92.12 1 1
4crypto/repository/user_repo.go:95.79,109.16 3 1
4crypto/repository/user_repo.go:109.16,111.3 1 1
4crypto/repository/user_repo.go:113.2,113.12 1 1
